Copyright 1986-2022 Xilinx, Inc. All Rights Reserved. Copyright 2022-2024 Advanced Micro Devices, Inc. All Rights Reserved.
---------------------------------------------------------------------------------------------------------------------------------------------
| Tool Version : Vivado v.2024.2 (lin64) Build 5239630 Fri Nov 08 22:34:34 MST 2024
| Date         : Fri Mar 14 11:27:09 2025
| Host         : c6b9129c23d6 running 64-bit unknown
| Command      : report_utilization -file mig_7series_0_utilization_synth.rpt -pb mig_7series_0_utilization_synth.pb
| Design       : mig_7series_0
| Device       : xc7a200tfbg484-2
| Speed File   : -2
| Design State : Synthesized
---------------------------------------------------------------------------------------------------------------------------------------------

Utilization Design Information

Table of Contents
-----------------
1. Slice Logic
1.1 Summary of Registers by Type
2. Memory
3. DSP
4. IO and GT Specific
5. Clocking
6. Specific Feature
7. Primitives
8. Black Boxes
9. Instantiated Netlists

1. Slice Logic
--------------

+----------------------------+------+-------+------------+-----------+-------+
|          Site Type         | Used | Fixed | Prohibited | Available | Util% |
+----------------------------+------+-------+------------+-----------+-------+
| Slice LUTs*                | 6106 |     0 |          0 |    134600 |  4.54 |
|   LUT as Logic             | 5580 |     0 |          0 |    134600 |  4.15 |
|   LUT as Memory            |  526 |     0 |          0 |     46200 |  1.14 |
|     LUT as Distributed RAM |  372 |     0 |            |           |       |
|     LUT as Shift Register  |  154 |     0 |            |           |       |
| Slice Registers            | 4801 |     0 |          0 |    269200 |  1.78 |
|   Register as Flip Flop    | 4801 |     0 |          0 |    269200 |  1.78 |
|   Register as Latch        |    0 |     0 |          0 |    269200 |  0.00 |
| F7 Muxes                   |   33 |     0 |          0 |     67300 |  0.05 |
| F8 Muxes                   |    0 |     0 |          0 |     33650 |  0.00 |
+----------------------------+------+-------+------------+-----------+-------+
* Warning! The Final LUT count, after physical optimizations and full implementation, is typically lower. Run opt_design after synthesis, if not already completed, for a more realistic count.
Warning! LUT value is adjusted to account for LUT combining.
Warning! For any ECO changes, please run place_design if there are unplaced instances


1.1 Summary of Registers by Type
--------------------------------

+-------+--------------+-------------+--------------+
| Total | Clock Enable | Synchronous | Asynchronous |
+-------+--------------+-------------+--------------+
| 0     |            _ |           - |            - |
| 0     |            _ |           - |          Set |
| 0     |            _ |           - |        Reset |
| 0     |            _ |         Set |            - |
| 0     |            _ |       Reset |            - |
| 0     |          Yes |           - |            - |
| 77    |          Yes |           - |          Set |
| 2     |          Yes |           - |        Reset |
| 201   |          Yes |         Set |            - |
| 4521  |          Yes |       Reset |            - |
+-------+--------------+-------------+--------------+


2. Memory
---------

+----------------+------+-------+------------+-----------+-------+
|    Site Type   | Used | Fixed | Prohibited | Available | Util% |
+----------------+------+-------+------------+-----------+-------+
| Block RAM Tile |    0 |     0 |          0 |       365 |  0.00 |
|   RAMB36/FIFO* |    0 |     0 |          0 |       365 |  0.00 |
|   RAMB18       |    0 |     0 |          0 |       730 |  0.00 |
+----------------+------+-------+------------+-----------+-------+
* Note: Each Block RAM Tile only has one FIFO logic available and therefore can accommodate only one FIFO36E1 or one FIFO18E1. However, if a FIFO18E1 occupies a Block RAM Tile, that tile can still accommodate a RAMB18E1


3. DSP
------

+-----------+------+-------+------------+-----------+-------+
| Site Type | Used | Fixed | Prohibited | Available | Util% |
+-----------+------+-------+------------+-----------+-------+
| DSPs      |    0 |     0 |          0 |       740 |  0.00 |
+-----------+------+-------+------------+-----------+-------+


4. IO and GT Specific
---------------------

+-----------------------------+------+-------+------------+-----------+-------+
|          Site Type          | Used | Fixed | Prohibited | Available | Util% |
+-----------------------------+------+-------+------------+-----------+-------+
| Bonded IOB                  |   48 |     0 |          0 |       285 | 16.84 |
| Bonded IPADs                |    0 |     0 |          0 |        14 |  0.00 |
| Bonded OPADs                |    0 |     0 |          0 |         8 |  0.00 |
| PHY_CONTROL                 |    1 |     0 |          0 |        10 | 10.00 |
| PHASER_REF                  |    1 |     0 |          0 |        10 | 10.00 |
| OUT_FIFO                    |    4 |     0 |          0 |        40 | 10.00 |
| IN_FIFO                     |    2 |     0 |          0 |        40 |  5.00 |
| IDELAYCTRL                  |    1 |     0 |          0 |        10 | 10.00 |
| IBUFDS                      |    0 |     0 |          0 |       274 |  0.00 |
| GTPE2_CHANNEL               |    0 |     0 |          0 |         4 |  0.00 |
| PHASER_OUT/PHASER_OUT_PHY   |    4 |     0 |          0 |        40 | 10.00 |
|   PHASER_OUT_PHY only       |    4 |     0 |            |           |       |
| PHASER_IN/PHASER_IN_PHY     |    2 |     0 |          0 |        40 |  5.00 |
|   PHASER_IN_PHY only        |    2 |     0 |            |           |       |
| IDELAYE2/IDELAYE2_FINEDELAY |   16 |     0 |          0 |       500 |  3.20 |
|   IDELAYE2 only             |   16 |     0 |            |           |       |
| IBUFDS_GTE2                 |    0 |     0 |          0 |         2 |  0.00 |
| ILOGIC                      |   18 |     0 |          0 |       285 |  6.32 |
|   ISERDES                   |   16 |       |          0 |       285 |       |
|   IDDR                      |    2 |       |            |           |       |
| OLOGIC                      |   48 |     0 |          0 |       285 | 16.84 |
|   OSERDES                   |   43 |       |          0 |       285 |       |
|   ODDR                      |    5 |       |            |           |       |
+-----------------------------+------+-------+------------+-----------+-------+


5. Clocking
-----------

+------------+------+-------+------------+-----------+-------+
|  Site Type | Used | Fixed | Prohibited | Available | Util% |
+------------+------+-------+------------+-----------+-------+
| BUFGCTRL   |    3 |     0 |          0 |        32 |  9.38 |
| BUFIO      |    0 |     0 |          0 |        40 |  0.00 |
| MMCME2_ADV |    1 |     0 |          0 |        10 | 10.00 |
| PLLE2_ADV  |    1 |     0 |          0 |        10 | 10.00 |
| BUFMRCE    |    0 |     0 |          0 |        20 |  0.00 |
| BUFHCE     |    1 |     0 |          0 |       120 |  0.83 |
| BUFR       |    0 |     0 |          0 |        40 |  0.00 |
+------------+------+-------+------------+-----------+-------+


6. Specific Feature
-------------------

+-------------+------+-------+------------+-----------+--------+
|  Site Type  | Used | Fixed | Prohibited | Available |  Util% |
+-------------+------+-------+------------+-----------+--------+
| BSCANE2     |    0 |     0 |          0 |         4 |   0.00 |
| CAPTUREE2   |    0 |     0 |          0 |         1 |   0.00 |
| DNA_PORT    |    0 |     0 |          0 |         1 |   0.00 |
| EFUSE_USR   |    0 |     0 |          0 |         1 |   0.00 |
| FRAME_ECCE2 |    0 |     0 |          0 |         1 |   0.00 |
| ICAPE2      |    0 |     0 |          0 |         2 |   0.00 |
| PCIE_2_1    |    0 |     0 |          0 |         1 |   0.00 |
| STARTUPE2   |    0 |     0 |          0 |         1 |   0.00 |
| XADC        |    1 |     0 |          0 |         1 | 100.00 |
+-------------+------+-------+------------+-----------+--------+


7. Primitives
-------------

+--------------------------+------+---------------------+
|         Ref Name         | Used | Functional Category |
+--------------------------+------+---------------------+
| FDRE                     | 4521 |        Flop & Latch |
| LUT6                     | 2095 |                 LUT |
| LUT5                     | 1500 |                 LUT |
| LUT3                     | 1227 |                 LUT |
| LUT4                     | 1057 |                 LUT |
| RAMD32                   |  552 |  Distributed Memory |
| LUT2                     |  505 |                 LUT |
| LUT1                     |  382 |                 LUT |
| FDSE                     |  201 |        Flop & Latch |
| RAMS32                   |  180 |  Distributed Memory |
| CARRY4                   |  137 |          CarryLogic |
| SRLC32E                  |  134 |  Distributed Memory |
| FDPE                     |   77 |        Flop & Latch |
| OSERDESE2                |   43 |                  IO |
| MUXF7                    |   33 |               MuxFx |
| OBUF                     |   24 |                  IO |
| SRL16E                   |   20 |  Distributed Memory |
| OBUFT                    |   18 |                  IO |
| ISERDESE2                |   16 |                  IO |
| IDELAYE2                 |   16 |                  IO |
| IBUF_INTERMDISABLE       |   16 |                  IO |
| ODDR                     |    5 |                  IO |
| PHASER_OUT_PHY           |    4 |                  IO |
| OUT_FIFO                 |    4 |                  IO |
| OBUFTDS                  |    4 |                  IO |
| IBUFDS_INTERMDISABLE_INT |    4 |                  IO |
| INV                      |    3 |                 LUT |
| BUFG                     |    3 |               Clock |
| PHASER_IN_PHY            |    2 |                  IO |
| OBUFDS                   |    2 |                  IO |
| IN_FIFO                  |    2 |                  IO |
| IDDR                     |    2 |                  IO |
| FDCE                     |    2 |        Flop & Latch |
| XADC                     |    1 |              Others |
| PLLE2_ADV                |    1 |               Clock |
| PHY_CONTROL              |    1 |                  IO |
| PHASER_REF               |    1 |                  IO |
| MMCME2_ADV               |    1 |               Clock |
| IDELAYCTRL               |    1 |                  IO |
| BUFH                     |    1 |               Clock |
+--------------------------+------+---------------------+


8. Black Boxes
--------------

+----------+------+
| Ref Name | Used |
+----------+------+


9. Instantiated Netlists
------------------------

+----------+------+
| Ref Name | Used |
+----------+------+


